0 info it worked if it ends with ok
1 verbose cli [ '/usr/local/bin/node', '/usr/local/bin/npm', 'publish' ]
2 info using npm@3.10.8
3 info using node@v6.9.0
4 verbose publish [ '.' ]
5 silly cache add args [ '.', null ]
6 verbose cache add spec .
7 silly cache add parsed spec Result {
7 silly cache add   raw: '.',
7 silly cache add   scope: null,
7 silly cache add   escapedName: null,
7 silly cache add   name: null,
7 silly cache add   rawSpec: '.',
7 silly cache add   spec: '/Users/dsl/Sites/nodejs/model',
7 silly cache add   type: 'directory' }
8 verbose addLocalDirectory /Users/dsl/.npm/@dmitri.leto/model/1.0.0/package.tgz not in flight; packing
9 verbose correctMkdir /Users/dsl/.npm correctMkdir not in flight; initializing
10 info lifecycle @dmitri.leto/model@1.0.0~prepublish: @dmitri.leto/model@1.0.0
11 silly lifecycle @dmitri.leto/model@1.0.0~prepublish: no script for prepublish, continuing
12 verbose tar pack [ '/Users/dsl/.npm/@dmitri.leto/model/1.0.0/package.tgz',
12 verbose tar pack   '/Users/dsl/Sites/nodejs/model' ]
13 verbose tarball /Users/dsl/.npm/@dmitri.leto/model/1.0.0/package.tgz
14 verbose folder /Users/dsl/Sites/nodejs/model
15 verbose addLocalTarball adding from inside cache /Users/dsl/.npm/@dmitri.leto/model/1.0.0/package.tgz
16 verbose correctMkdir /Users/dsl/.npm correctMkdir not in flight; initializing
17 silly cache afterAdd @dmitri.leto/model@1.0.0
18 verbose afterAdd /Users/dsl/.npm/@dmitri.leto/model/1.0.0/package/package.json not in flight; writing
19 verbose correctMkdir /Users/dsl/.npm correctMkdir not in flight; initializing
20 verbose afterAdd /Users/dsl/.npm/@dmitri.leto/model/1.0.0/package/package.json written
21 silly publish { name: '@dmitri.leto/model',
21 silly publish   version: '1.0.0',
21 silly publish   description: 'mysql table model class. help build sql with squel module',
21 silly publish   main: 'model.js',
21 silly publish   scripts: { test: 'echo "Error: no test specified" && exit 1' },
21 silly publish   repository:
21 silly publish    { type: 'git',
21 silly publish      url: 'git+ssh://git@bitbucket.org/leto1394/model.git' },
21 silly publish   keywords: [ 'mysql', 'model' ],
21 silly publish   author: { name: 'dmitri.leto' },
21 silly publish   license: 'ISC',
21 silly publish   homepage: 'https://bitbucket.org/leto1394/model#readme',
21 silly publish   dependencies:
21 silly publish    { co: '^4.6.0',
21 silly publish      mysql: '^2.12.0',
21 silly publish      pluralize: '^3.0.0',
21 silly publish      squel: '^5.5.0' },
21 silly publish   readme: 'ERROR: No README data found!',
21 silly publish   _id: '@dmitri.leto/model@1.0.0',
21 silly publish   _shasum: 'f81c62be89aae47ffa5bcbf1c3d3eb4656c0f817',
21 silly publish   _from: '.' }
22 verbose getPublishConfig undefined
23 silly mapToRegistry name @dmitri.leto/model
24 silly mapToRegistry scope (from package name) @dmitri.leto
25 verbose mapToRegistry no registry URL found in name for scope @dmitri.leto
26 silly mapToRegistry using default registry
27 silly mapToRegistry registry https://registry.npmjs.org/
28 silly mapToRegistry data Result {
28 silly mapToRegistry   raw: '@dmitri.leto/model',
28 silly mapToRegistry   scope: '@dmitri.leto',
28 silly mapToRegistry   escapedName: '@dmitri.leto%2fmodel',
28 silly mapToRegistry   name: '@dmitri.leto/model',
28 silly mapToRegistry   rawSpec: '',
28 silly mapToRegistry   spec: 'latest',
28 silly mapToRegistry   type: 'tag' }
29 silly mapToRegistry uri https://registry.npmjs.org/@dmitri.leto%2fmodel
30 verbose publish registryBase https://registry.npmjs.org/
31 silly publish uploading /Users/dsl/.npm/@dmitri.leto/model/1.0.0/package.tgz
32 verbose request uri https://registry.npmjs.org/@dmitri.leto%2fmodel
33 verbose request sending authorization for write operation
34 info attempt registry request try #1 at 11:17:03 AM
35 verbose request using bearer token for auth
36 verbose request id d7481d816f6dd7cd
37 http request PUT https://registry.npmjs.org/@dmitri.leto%2fmodel
38 http 402 https://registry.npmjs.org/@dmitri.leto%2fmodel
39 verbose headers { 'content-type': 'application/json',
39 verbose headers   'cache-control': 'max-age=0',
39 verbose headers   'content-length': '119',
39 verbose headers   'accept-ranges': 'bytes',
39 verbose headers   date: 'Thu, 03 Nov 2016 08:17:05 GMT',
39 verbose headers   via: '1.1 varnish',
39 verbose headers   connection: 'keep-alive',
39 verbose headers   'x-served-by': 'cache-bma7028-BMA',
39 verbose headers   'x-cache': 'MISS',
39 verbose headers   'x-cache-hits': '0',
39 verbose headers   'x-timer': 'S1478161024.585806,VS0,VE925' }
40 verbose request invalidating /Users/dsl/.npm/registry.npmjs.org/_40dmitri.leto_252fmodel on PUT
41 error publish Failed PUT 402
42 verbose stack Error: You need a paid account to perform this action. For more info, visit: https://www.npmjs.com/private-modules : @dmitri.leto/model
42 verbose stack     at makeError (/usr/local/lib/node_modules/npm/node_modules/npm-registry-client/lib/request.js:302:12)
42 verbose stack     at CachingRegistryClient.<anonymous> (/usr/local/lib/node_modules/npm/node_modules/npm-registry-client/lib/request.js:290:14)
42 verbose stack     at Request._callback (/usr/local/lib/node_modules/npm/node_modules/npm-registry-client/lib/request.js:210:14)
42 verbose stack     at Request.self.callback (/usr/local/lib/node_modules/npm/node_modules/request/request.js:187:22)
42 verbose stack     at emitTwo (events.js:106:13)
42 verbose stack     at Request.emit (events.js:191:7)
42 verbose stack     at Request.<anonymous> (/usr/local/lib/node_modules/npm/node_modules/request/request.js:1044:10)
42 verbose stack     at emitOne (events.js:96:13)
42 verbose stack     at Request.emit (events.js:188:7)
42 verbose stack     at IncomingMessage.<anonymous> (/usr/local/lib/node_modules/npm/node_modules/request/request.js:965:12)
43 verbose statusCode 402
44 verbose pkgid @dmitri.leto/model
45 verbose cwd /Users/dsl/Sites/nodejs/model
46 error Darwin 15.6.0
47 error argv "/usr/local/bin/node" "/usr/local/bin/npm" "publish"
48 error node v6.9.0
49 error npm  v3.10.8
50 error code E402
51 error You need a paid account to perform this action. For more info, visit: https://www.npmjs.com/private-modules : @dmitri.leto/model
52 error If you need help, you may report this error at:
52 error     <https://github.com/npm/npm/issues>
53 verbose exit [ 1, true ]
